TN:
SF:src/App.tsx
FN:5,App
FNF:1
FNH:0
FNDA:0,App
DA:6,0
LF:1
LH:0
BRF:0
BRH:0
end_of_record
TN:
SF:src/api/client.ts
FN:23,constructor
FN:43,constructor_2
FN:69,createCalculatorApi
FN:83,send
FN:99,toError
FN:100,(anonymous_5)
FN:124,mintToken
FN:141,token
FN:145,(anonymous_8)
FN:151,calculate
FN:178,(anonymous_10)
FNF:11
FNH:11
FNDA:7,constructor
FNDA:5,constructor_2
FNDA:12,createCalculatorApi
FNDA:32,send
FNDA:4,toError
FNDA:1,(anonymous_5)
FNDA:16,mintToken
FNDA:19,token
FNDA:16,(anonymous_8)
FNDA:19,calculate
FNDA:17,(anonymous_10)
DA:30,7
DA:31,7
DA:32,7
DA:33,7
DA:34,7
DA:35,7
DA:41,5
DA:44,5
DA:45,5
DA:65,3
DA:67,3
DA:77,12
DA:79,12
DA:81,12
DA:84,32
DA:85,32
DA:90,3
DA:91,3
DA:100,4
DA:102,4
DA:103,3
DA:104,3
DA:105,1
DA:106,1
DA:108,3
DA:117,1
DA:125,16
DA:131,13
DA:133,13
DA:134,13
DA:138,13
DA:142,19
DA:143,19
DA:145,18
DA:146,16
DA:148,18
DA:155,19
DA:157,16
DA:168,16
DA:169,2
DA:172,14
DA:174,10
DA:177,12
DA:178,17
LF:44
LH:44
BRDA:74,0,0,12
BRDA:75,1,0,12
BRDA:76,2,0,12
BRDA:90,3,0,3
BRDA:90,3,1,1
BRDA:92,4,0,1
BRDA:92,4,1,2
BRDA:102,5,0,3
BRDA:102,5,1,1
BRDA:104,6,0,1
BRDA:104,6,1,2
BRDA:106,7,0,1
BRDA:106,7,1,0
BRDA:131,8,0,0
BRDA:131,8,1,13
BRDA:141,9,0,19
BRDA:142,10,0,2
BRDA:142,10,1,17
BRDA:143,11,0,1
BRDA:143,11,1,18
BRDA:143,12,0,19
BRDA:143,12,1,2
BRDA:153,13,0,19
BRDA:168,14,0,2
BRDA:168,14,1,14
BRDA:168,15,0,16
BRDA:168,15,1,3
BRDA:172,16,0,4
BRDA:172,16,1,10
BRF:29
BRH:27
end_of_record
TN:
SF:src/components/Calculator/Calculator.tsx
FN:18,Calculator
FNF:1
FNH:1
FNDA:25,Calculator
DA:19,25
DA:20,25
DA:22,25
LF:3
LH:3
BRF:0
BRH:0
end_of_record
TN:
SF:src/components/Display/Display.tsx
FN:15,(anonymous_0)
FN:26,withErrorMark
FN:39,Display
FNF:3
FNH:3
FNDA:34,(anonymous_0)
FNDA:5,withErrorMark
FNDA:34,Display
DA:15,2
DA:16,34
DA:17,34
DA:18,34
DA:27,5
DA:28,3
DA:30,2
DA:40,34
DA:41,34
DA:43,34
DA:47,34
LF:11
LH:11
BRDA:16,0,0,0
BRDA:16,0,1,34
BRDA:17,1,0,0
BRDA:17,1,1,34
BRDA:27,2,0,3
BRDA:27,2,1,2
BRDA:27,3,0,5
BRDA:27,3,1,3
BRDA:27,3,2,3
BRDA:40,4,0,5
BRDA:40,4,1,29
BRDA:43,5,0,34
BRDA:43,5,1,4
BRDA:50,6,0,34
BRDA:50,6,1,31
BRDA:54,7,0,5
BRDA:54,7,1,29
BRDA:59,8,0,5
BRDA:59,8,1,29
BRDA:59,9,0,5
BRDA:59,9,1,29
BRDA:60,10,0,5
BRDA:60,10,1,29
BRDA:60,11,0,4
BRDA:60,11,1,25
BRF:25
BRH:23
end_of_record
TN:
SF:src/components/Key/Key.tsx
FN:16,Key
FN:31,(anonymous_1)
FNF:2
FNH:2
FNDA:765,Key
FNDA:16,(anonymous_1)
DA:17,765
DA:26,765
DA:31,16
LF:3
LH:3
BRDA:16,0,0,765
BRDA:16,1,0,765
BRDA:20,2,0,765
BRDA:20,2,1,34
BRDA:21,3,0,765
BRDA:21,3,1,4
BRDA:30,4,0,34
BRDA:30,4,1,731
BRDA:36,5,0,765
BRDA:36,5,1,1
BRF:10
BRH:10
end_of_record
TN:
SF:src/components/Keypad/Keypad.tsx
FN:17,Keypad
FN:26,(anonymous_1)
FN:34,(anonymous_2)
FNF:3
FNH:3
FNDA:33,Keypad
FNDA:759,(anonymous_1)
FNDA:759,(anonymous_2)
DA:26,33
DA:27,759
DA:28,726
DA:29,693
DA:32,33
DA:35,759
LF:6
LH:6
BRDA:20,0,0,33
BRDA:21,1,0,33
BRDA:27,2,0,33
BRDA:27,2,1,726
BRDA:28,3,0,33
BRDA:28,3,1,693
BRF:6
BRH:6
end_of_record
TN:
SF:src/components/Keypad/keys.ts
FN:3,(anonymous_0)
FNF:1
FNH:1
FNDA:30,(anonymous_0)
DA:3,30
DA:24,3
LF:2
LH:2
BRF:0
BRH:0
end_of_record
TN:
SF:src/core/expression.ts
FN:34,(anonymous_0)
FN:36,countOccurrences
FN:43,openDepth
FN:57,productGlue
FN:76,deleteLast
FN:84,balance
FN:93,continuesFromResult
FN:100,startingPoint
FN:110,expressionReducer
FNF:9
FNH:9
FNDA:15,(anonymous_0)
FNDA:130,countOccurrences
FNDA:65,openDepth
FNDA:118,productGlue
FNDA:11,deleteLast
FNDA:18,balance
FNDA:4,continuesFromResult
FNDA:99,startingPoint
FNDA:135,expressionReducer
DA:11,3
DA:27,3
DA:34,15
DA:37,130
DA:38,468
DA:39,130
DA:44,65
DA:58,118
DA:59,118
DA:62,118
DA:64,118
DA:66,118
DA:67,118
DA:70,118
DA:72,118
DA:77,11
DA:78,44
DA:80,5
DA:85,18
DA:86,18
DA:94,4
DA:101,99
DA:105,4
DA:114,135
DA:116,1
DA:119,99
DA:120,99
DA:131,3
DA:132,1
DA:141,2
DA:145,15
DA:148,9
DA:159,8
LF:33
LH:33
BRDA:38,0,0,20
BRDA:38,0,1,448
BRDA:70,1,0,118
BRDA:70,1,1,46
BRDA:70,1,2,111
BRDA:70,1,3,6
BRDA:70,1,4,3
BRDA:72,2,0,12
BRDA:72,2,1,106
BRDA:78,3,0,6
BRDA:78,3,1,38
BRDA:86,4,0,3
BRDA:86,4,1,15
BRDA:101,5,0,95
BRDA:101,5,1,4
BRDA:105,6,0,2
BRDA:105,6,1,2
BRDA:114,7,0,1
BRDA:114,7,1,99
BRDA:114,7,2,3
BRDA:114,7,3,15
BRDA:114,7,4,9
BRDA:114,7,5,8
BRDA:131,8,0,1
BRDA:131,8,1,2
BRF:25
BRH:25
end_of_record
TN:
SF:src/hooks/useCalculator.ts
FN:17,toCalculatorError
FN:33,useCalculator
FN:39,(anonymous_2)
FN:47,(anonymous_3)
FN:71,(anonymous_4)
FNF:5
FNH:5
FNDA:5,toCalculatorError
FNDA:67,useCalculator
FNDA:64,(anonymous_2)
FNDA:15,(anonymous_3)
FNDA:53,(anonymous_4)
DA:18,5
DA:19,3
DA:21,2
DA:22,1
DA:24,1
DA:34,67
DA:38,67
DA:39,67
DA:40,64
DA:45,67
DA:47,67
DA:48,15
DA:49,15
DA:50,15
DA:54,14
DA:55,1
DA:58,14
DA:59,14
DA:61,14
DA:62,14
DA:63,8
DA:64,7
DA:66,6
DA:67,5
DA:71,67
DA:73,53
DA:74,15
DA:75,15
DA:77,38
DA:82,67
LF:30
LH:30
BRDA:18,0,0,3
BRDA:18,0,1,2
BRDA:21,1,0,1
BRDA:21,1,1,1
BRDA:50,2,0,1
BRDA:50,2,1,14
BRDA:54,3,0,1
BRDA:54,3,1,13
BRDA:63,4,0,1
BRDA:63,4,1,7
BRDA:66,5,0,1
BRDA:66,5,1,5
BRDA:73,6,0,15
BRDA:73,6,1,38
BRF:14
BRH:14
end_of_record
TN:
SF:src/hooks/useKeyboardInput.ts
FN:11,useKeyboardInput
FN:14,(anonymous_1)
FN:19,(anonymous_2)
FN:19,(anonymous_3)
FN:24,(anonymous_4)
FN:25,(anonymous_5)
FN:37,(anonymous_6)
FN:43,(anonymous_7)
FNF:8
FNH:8
FNDA:46,useKeyboardInput
FNDA:15,(anonymous_1)
FNDA:132,(anonymous_2)
FNDA:166,(anonymous_3)
FNDA:20,(anonymous_4)
FNDA:18,(anonymous_5)
FNDA:6,(anonymous_6)
FNDA:20,(anonymous_7)
DA:12,46
DA:14,46
DA:16,15
DA:19,166
DA:24,46
DA:25,20
DA:26,18
DA:28,15
DA:29,15
DA:32,12
DA:33,12
DA:34,12
DA:37,20
DA:39,20
DA:40,20
DA:41,20
DA:43,20
DA:44,20
DA:45,20
DA:46,20
DA:50,46
LF:21
LH:21
BRDA:19,0,0,132
BRDA:19,0,1,0
BRDA:26,1,0,3
BRDA:26,1,1,15
BRDA:26,2,0,18
BRDA:26,2,1,17
BRDA:26,2,2,16
BRDA:29,3,0,3
BRDA:29,3,1,12
BRF:9
BRH:8
end_of_record
